[2021-12-12 22:05:51] flarum.ERROR: PDOException: SQLSTATE[23000]: Integrity constraint violation: 1062 Duplicate entry 'Big-E' for key 'flvi_users_username_unique' in /home/cameronc/streets.stag.city/vendor/doctrine/dbal/lib/Doctrine/DBAL/Driver/PDOStatement.php:117
Stack trace:
#0 /home/cameronc/streets.stag.city/vendor/doctrine/dbal/lib/Doctrine/DBAL/Driver/PDOStatement.php(117): PDOStatement->execute(NULL)
#1 /home/cameronc/streets.stag.city/vendor/illuminate/database/Connection.php(492): Doctrine\DBAL\Driver\PDOStatement->execute()
#2 /home/cameronc/streets.stag.city/vendor/illuminate/database/Connection.php(696): Illuminate\Database\Connection->Illuminate\Database\{closure}('insert into `fl...', Array)
#3 /home/cameronc/streets.stag.city/vendor/illuminate/database/Connection.php(663): Illuminate\Database\Connection->runQueryCallback('insert into `fl...', Array, Object(Closure))
#4 /home/cameronc/streets.stag.city/vendor/illuminate/database/Connection.php(493): Illuminate\Database\Connection->run('insert into `fl...', Array, Object(Closure))
#5 /home/cameronc/streets.stag.city/vendor/illuminate/database/Connection.php(445): Illuminate\Database\Connection->statement('insert into `fl...', Array)
#6 /home/cameronc/streets.stag.city/vendor/illuminate/database/Query/Processors/Processor.php(32): Illuminate\Database\Connection->insert('insert into `fl...', Array)
#7 /home/cameronc/streets.stag.city/vendor/illuminate/database/Query/Builder.php(2965): Illuminate\Database\Query\Processors\Processor->processInsertGetId(Object(Illuminate\Database\Query\Builder), 'insert into `fl...', Array, 'id')
#8 /home/cameronc/streets.stag.city/vendor/illuminate/database/Eloquent/Builder.php(1641): Illuminate\Database\Query\Builder->insertGetId(Array, 'id')
#9 /home/cameronc/streets.stag.city/vendor/illuminate/database/Eloquent/Model.php(1180): Illuminate\Database\Eloquent\Builder->__call('insertGetId', Array)
#10 /home/cameronc/streets.stag.city/vendor/illuminate/database/Eloquent/Model.php(1145): Illuminate\Database\Eloquent\Model->insertAndSetId(Object(Illuminate\Database\Eloquent\Builder), Array)
#11 /home/cameronc/streets.stag.city/vendor/illuminate/database/Eloquent/Model.php(986): Illuminate\Database\Eloquent\Model->performInsert(Object(Illuminate\Database\Eloquent\Builder))
#12 /home/cameronc/streets.stag.city/vendor/flarum/core/src/User/Command/RegisterUserHandler.php(113): Illuminate\Database\Eloquent\Model->save()
#13 /home/cameronc/streets.stag.city/vendor/illuminate/bus/Dispatcher.php(122): Flarum\User\Command\RegisterUserHandler->handle(Object(Flarum\User\Command\RegisterUser))
#14 /home/cameronc/streets.stag.city/vendor/illuminate/pipeline/Pipeline.php(128): Illuminate\Bus\Dispatcher->Illuminate\Bus\{closure}(Object(Flarum\User\Command\RegisterUser))
#15 /home/cameronc/streets.stag.city/vendor/illuminate/pipeline/Pipeline.php(103): Illuminate\Pipeline\Pipeline->Illuminate\Pipeline\{closure}(Object(Flarum\User\Command\RegisterUser))
#16 /home/cameronc/streets.stag.city/vendor/illuminate/bus/Dispatcher.php(132): Illuminate\Pipeline\Pipeline->then(Object(Closure))
#17 /home/cameronc/streets.stag.city/vendor/illuminate/bus/Dispatcher.php(78): Illuminate\Bus\Dispatcher->dispatchNow(Object(Flarum\User\Command\RegisterUser))
#18 /home/cameronc/streets.stag.city/vendor/flarum/core/src/Api/Controller/CreateUserController.php(46): Illuminate\Bus\Dispatcher->dispatch(Object(Flarum\User\Command\RegisterUser))
#19 /home/cameronc/streets.stag.city/vendor/flarum/core/src/Api/Controller/AbstractSerializeController.php(110): Flarum\Api\Controller\CreateUserController->data(Object(Laminas\Diactoros\ServerRequest), Object(Tobscure\JsonApi\Document))
#20 /home/cameronc/streets.stag.city/vendor/flarum/core/src/Api/Controller/AbstractCreateController.php(22): Flarum\Api\Controller\AbstractSerializeController->handle(Object(Laminas\Diactoros\ServerRequest))
#21 /home/cameronc/streets.stag.city/vendor/flarum/core/src/Http/RouteHandlerFactory.php(41): Flarum\Api\Controller\AbstractCreateController->handle(Object(Laminas\Diactoros\ServerRequest))
#22 /home/cameronc/streets.stag.city/vendor/flarum/core/src/Http/Middleware/ExecuteRoute.php(27): Flarum\Http\RouteHandlerFactory->Flarum\Http\{closure}(Object(Laminas\Diactoros\ServerRequest), Array)
#23 /home/cameronc/streets.stag.city/vendor/laminas/laminas-stratigility/src/Next.php(51): Flarum\Http\Middleware\ExecuteRoute->process(Object(Laminas\Diactoros\ServerRequest), Object(Closure))
#24 /home/cameronc/streets.stag.city/vendor/flarum/core/src/Api/Middleware/ThrottleApi.php(33): Laminas\Stratigility\Next->handle(Object(Laminas\Diactoros\ServerRequest))
#25 /home/cameronc/streets.stag.city/vendor/laminas/laminas-stratigility/src/Next.php(51): Flarum\Api\Middleware\ThrottleApi->process(Object(Laminas\Diactoros\ServerRequest), Object(Laminas\Stratigility\Next))
#26 /home/cameronc/streets.stag.city/vendor/flarum/core/src/Http/Middleware/ResolveRoute.php(67): Laminas\Stratigility\Next->handle(Object(Laminas\Diactoros\ServerRequest))
#27 /home/cameronc/streets.stag.city/vendor/laminas/laminas-stratigility/src/Next.php(51): Flarum\Http\Middleware\ResolveRoute->process(Object(Laminas\Diactoros\ServerRequest), Object(Laminas\Stratigility\Next))
#28 /home/cameronc/streets.stag.city/vendor/flarum/core/src/Http/Middleware/SetLocale.php(51): Laminas\Stratigility\Next->handle(Object(Laminas\Diactoros\ServerRequest))
#29 /home/cameronc/streets.stag.city/vendor/laminas/laminas-stratigility/src/Next.php(51): Flarum\Http\Middleware\SetLocale->process(Object(Laminas\Diactoros\ServerRequest), Object(Laminas\Stratigility\Next))
#30 /home/cameronc/streets.stag.city/vendor/flarum/core/src/Http/Middleware/HandleErrors.php(57): Laminas\Stratigility\Next->handle(Object(Laminas\Diactoros\ServerRequest))
#31 /home/cameronc/streets.stag.city/vendor/laminas/laminas-stratigility/src/Next.php(51): Flarum\Http\Middleware\HandleErrors->process(Object(Laminas\Diactoros\ServerRequest), Object(Laminas\Stratigility\Next))
#32 /home/cameronc/streets.stag.city/vendor/laminas/laminas-stratigility/src/MiddlewarePipe.php(76): Laminas\Stratigility\Next->handle(Object(Laminas\Diactoros\ServerRequest))
#33 /home/cameronc/streets.stag.city/vendor/laminas/laminas-stratigility/src/MiddlewarePipe.php(65): Laminas\Stratigility\MiddlewarePipe->process(Object(Laminas\Diactoros\ServerRequest), Object(Laminas\Stratigility\EmptyPipelineHandler))
#34 /home/cameronc/streets.stag.city/vendor/flarum/core/src/Api/Client.php(144): Laminas\Stratigility\MiddlewarePipe->handle(Object(Laminas\Diactoros\ServerRequest))
#35 /home/cameronc/streets.stag.city/vendor/flarum/core/src/Api/Client.php(100): Flarum\Api\Client->send('POST', '/users')
#36 /home/cameronc/streets.stag.city/vendor/flarum/core/src/Forum/Controller/RegisterController.php(56): Flarum\Api\Client->post('/users')
#37 /home/cameronc/streets.stag.city/vendor/flarum/core/src/Http/RouteHandlerFactory.php(41): Flarum\Forum\Controller\RegisterController->handle(Object(Laminas\Diactoros\ServerRequest))
#38 /home/cameronc/streets.stag.city/vendor/flarum/core/src/Http/Middleware/ExecuteRoute.php(27): Flarum\Http\RouteHandlerFactory->Flarum\Http\{closure}(Object(Laminas\Diactoros\ServerRequest), Array)
#39 /home/cameronc/streets.stag.city/vendor/laminas/laminas-stratigility/src/Next.php(51): Flarum\Http\Middleware\ExecuteRoute->process(Object(Laminas\Diactoros\ServerRequest), Object(Closure))
#40 /home/cameronc/streets.stag.city/vendor/flarum/core/src/Http/Middleware/ContentTypeOptionsHeader.php(21): Laminas\Stratigility\Next->handle(Object(Laminas\Diactoros\ServerRequest))
#41 /home/cameronc/streets.stag.city/vendor/laminas/laminas-stratigility/src/Next.php(51): Flarum\Http\Middleware\ContentTypeOptionsHeader->process(Object(Laminas\Diactoros\ServerRequest), Object(Laminas\Stratigility\Next))
#42 /home/cameronc/streets.stag.city/vendor/flarum/core/src/Http/Middleware/ReferrerPolicyHeader.php(30): Laminas\Stratigility\Next->handle(Object(Laminas\Diactoros\ServerRequest))
#43 /home/cameronc/streets.stag.city/vendor/laminas/laminas-stratigility/src/Next.php(51): Flarum\Http\Middleware\ReferrerPolicyHeader->process(Object(Laminas\Diactoros\ServerRequest), Object(Laminas\Stratigility\Next))
#44 /home/cameronc/streets.stag.city/vendor/flarum/core/src/Http/Middleware/FlarumPromotionHeader.php(30): Laminas\Stratigility\Next->handle(Object(Laminas\Diactoros\ServerRequest))
#45 /home/cameronc/streets.stag.city/vendor/laminas/laminas-stratigility/src/Next.php(51): Flarum\Http\Middleware\FlarumPromotionHeader->process(Object(Laminas\Diactoros\ServerRequest), Object(Laminas\Stratigility\Next))
#46 /home/cameronc/streets.stag.city/vendor/flarum/core/src/Http/Middleware/ShareErrorsFromSession.php(57): Laminas\Stratigility\Next->handle(Object(Laminas\Diactoros\ServerRequest))
#47 /home/cameronc/streets.stag.city/vendor/laminas/laminas-stratigility/src/Next.php(51): Flarum\Http\Middleware\ShareErrorsFromSession->process(Object(Laminas\Diactoros\ServerRequest), Object(Laminas\Stratigility\Next))
#48 /home/cameronc/streets.stag.city/vendor/flarum/core/src/Http/Middleware/CheckCsrfToken.php(44): Laminas\Stratigility\Next->handle(Object(Laminas\Diactoros\ServerRequest))
#49 /home/cameronc/streets.stag.city/vendor/laminas/laminas-stratigility/src/Next.php(51): Flarum\Http\Middleware\CheckCsrfToken->process(Object(Laminas\Diactoros\ServerRequest), Object(Laminas\Stratigility\Next))
#50 /home/cameronc/streets.stag.city/vendor/flarum/core/src/Http/Middleware/ResolveRoute.php(67): Laminas\Stratigility\Next->handle(Object(Laminas\Diactoros\ServerRequest))
#51 /home/cameronc/streets.stag.city/vendor/laminas/laminas-stratigility/src/Next.php(51): Flarum\Http\Middleware\ResolveRoute->process(Object(Laminas\Diactoros\ServerRequest), Object(Laminas\Stratigility\Next))
#52 /home/cameronc/streets.stag.city/vendor/flarum/core/src/Http/Middleware/SetLocale.php(51): Laminas\Stratigility\Next->handle(Object(Laminas\Diactoros\ServerRequest))
#53 /home/cameronc/streets.stag.city/vendor/laminas/laminas-stratigility/src/Next.php(51): Flarum\Http\Middleware\SetLocale->process(Object(Laminas\Diactoros\ServerRequest), Object(Laminas\Stratigility\Next))
#54 /home/cameronc/streets.stag.city/vendor/flarum/core/src/Http/Middleware/AuthenticateWithSession.php(31): Laminas\Stratigility\Next->handle(Object(Laminas\Diactoros\ServerRequest))
#55 /home/cameronc/streets.stag.city/vendor/laminas/laminas-stratigility/src/Next.php(51): Flarum\Http\Middleware\AuthenticateWithSession->process(Object(Laminas\Diactoros\ServerRequest), Object(Laminas\Stratigility\Next))
#56 /home/cameronc/streets.stag.city/vendor/flarum/core/src/Http/Middleware/RememberFromCookie.php(52): Laminas\Stratigility\Next->handle(Object(Laminas\Diactoros\ServerRequest))
#57 /home/cameronc/streets.stag.city/vendor/laminas/laminas-stratigility/src/Next.php(51): Flarum\Http\Middleware\RememberFromCookie->process(Object(Laminas\Diactoros\ServerRequest), Object(Laminas\Stratigility\Next))
#58 /home/cameronc/streets.stag.city/vendor/flarum/core/src/Http/Middleware/StartSession.php(61): Laminas\Stratigility\Next->handle(Object(Laminas\Diactoros\ServerRequest))
#59 /home/cameronc/streets.stag.city/vendor/laminas/laminas-stratigility/src/Next.php(51): Flarum\Http\Middleware\StartSession->process(Object(Laminas\Diactoros\ServerRequest), Object(Laminas\Stratigility\Next))
#60 /home/cameronc/streets.stag.city/vendor/flarum/core/src/Http/Middleware/CollectGarbage.php(46): Laminas\Stratigility\Next->handle(Object(Laminas\Diactoros\ServerRequest))
#61 /home/cameronc/streets.stag.city/vendor/laminas/laminas-stratigility/src/Next.php(51): Flarum\Http\Middleware\CollectGarbage->process(Object(Laminas\Diactoros\ServerRequest), Object(Laminas\Stratigility\Next))
#62 /home/cameronc/streets.stag.city/vendor/flarum/core/src/Http/Middleware/ParseJsonBody.php(28): Laminas\Stratigility\Next->handle(Object(Laminas\Diactoros\ServerRequest))
#63 /home/cameronc/streets.stag.city/vendor/laminas/laminas-stratigility/src/Next.php(51): Flarum\Http\Middleware\ParseJsonBody->process(Object(Laminas\Diactoros\ServerRequest), Object(Laminas\Stratigility\Next))
#64 /home/cameronc/streets.stag.city/vendor/flarum/core/src/Http/Middleware/HandleErrors.php(57): Laminas\Stratigility\Next->handle(Object(Laminas\Diactoros\ServerRequest))
#65 /home/cameronc/streets.stag.city/vendor/laminas/laminas-stratigility/src/Next.php(51): Flarum\Http\Middleware\HandleErrors->process(Object(Laminas\Diactoros\ServerRequest), Object(Laminas\Stratigility\Next))
#66 /home/cameronc/streets.stag.city/vendor/flarum/core/src/Http/Middleware/InjectActorReference.php(25): Laminas\Stratigility\Next->handle(Object(Laminas\Diactoros\ServerRequest))
#67 /home/cameronc/streets.stag.city/vendor/laminas/laminas-stratigility/src/Next.php(51): Flarum\Http\Middleware\InjectActorReference->process(Object(Laminas\Diactoros\ServerRequest), Object(Laminas\Stratigility\Next))
#68 /home/cameronc/streets.stag.city/vendor/laminas/laminas-stratigility/src/MiddlewarePipe.php(76): Laminas\Stratigility\Next->handle(Object(Laminas\Diactoros\ServerRequest))
#69 /home/cameronc/streets.stag.city/vendor/middlewares/request-handler/src/RequestHandler.php(84): Laminas\Stratigility\MiddlewarePipe->process(Object(Laminas\Diactoros\ServerRequest), Object(Laminas\Stratigility\Next))
#70 /home/cameronc/streets.stag.city/vendor/laminas/laminas-stratigility/src/Next.php(51): Middlewares\RequestHandler->process(Object(Laminas\Diactoros\ServerRequest), Object(Laminas\Stratigility\Next))
#71 /home/cameronc/streets.stag.city/vendor/middlewares/base-path-router/src/BasePathRouter.php(101): Laminas\Stratigility\Next->handle(Object(Laminas\Diactoros\ServerRequest))
#72 /home/cameronc/streets.stag.city/vendor/laminas/laminas-stratigility/src/Next.php(51): Middlewares\BasePathRouter->process(Object(Laminas\Diactoros\ServerRequest), Object(Laminas\Stratigility\Next))
#73 /home/cameronc/streets.stag.city/vendor/laminas/laminas-stratigility/src/Middleware/OriginalMessages.php(36): Laminas\Stratigility\Next->handle(Object(Laminas\Diactoros\ServerRequest))
#74 /home/cameronc/streets.stag.city/vendor/laminas/laminas-stratigility/src/Next.php(51): Laminas\Stratigility\Middleware\OriginalMessages->process(Object(Laminas\Diactoros\ServerRequest), Object(Laminas\Stratigility\Next))
#75 /home/cameronc/streets.stag.city/vendor/middlewares/base-path/src/BasePath.php(73): Laminas\Stratigility\Next->handle(Object(Laminas\Diactoros\ServerRequest))
#76 /home/cameronc/streets.stag.city/vendor/laminas/laminas-stratigility/src/Next.php(51): Middlewares\BasePath->process(Object(Laminas\Diactoros\ServerRequest), Object(Laminas\Stratigility\Next))
#77 /home/cameronc/streets.stag.city/vendor/flarum/core/src/Http/Middleware/ProcessIp.php(24): Laminas\Stratigility\Next->handle(Object(Laminas\Diactoros\ServerRequest))
#78 /home/cameronc/streets.stag.city/vendor/laminas/laminas-stratigility/src/Next.php(51): Flarum\Http\Middleware\ProcessIp->process(Object(Laminas\Diactoros\ServerRequest), Object(Laminas\Stratigility\Next))
#79 /home/cameronc/streets.stag.city/vendor/laminas/laminas-stratigility/src/MiddlewarePipe.php(76): Laminas\Stratigility\Next->handle(Object(Laminas\Diactoros\ServerRequest))
#80 /home/cameronc/streets.stag.city/vendor/laminas/laminas-stratigility/src/MiddlewarePipe.php(65): Laminas\Stratigility\MiddlewarePipe->process(Object(Laminas\Diactoros\ServerRequest), Object(Laminas\Stratigility\EmptyPipelineHandler))
#81 /home/cameronc/streets.stag.city/vendor/laminas/laminas-httphandlerrunner/src/RequestHandlerRunner.php(96): Laminas\Stratigility\MiddlewarePipe->handle(Object(Laminas\Diactoros\ServerRequest))
#82 /home/cameronc/streets.stag.city/vendor/flarum/core/src/Http/Server.php(44): Laminas\HttpHandlerRunner\RequestHandlerRunner->run()
#83 /home/cameronc/streets.stag.city/public/index.php(26): Flarum\Http\Server->listen()
#84 {main}

Next Doctrine\DBAL\Driver\PDO\Exception: SQLSTATE[23000]: Integrity constraint violation: 1062 Duplicate entry 'Big-E' for key 'flvi_users_username_unique' in /home/cameronc/streets.stag.city/vendor/doctrine/dbal/lib/Doctrine/DBAL/Driver/PDO/Exception.php:18
Stack trace:
#0 /home/cameronc/streets.stag.city/vendor/doctrine/dbal/lib/Doctrine/DBAL/Driver/PDOStatement.php(119): Doctrine\DBAL\Driver\PDO\Exception::new(Object(PDOException))
#1 /home/cameronc/streets.stag.city/vendor/illuminate/database/Connection.php(492): Doctrine\DBAL\Driver\PDOStatement->execute()
#2 /home/cameronc/streets.stag.city/vendor/illuminate/database/Connection.php(696): Illuminate\Database\Connection->Illuminate\Database\{closure}('insert into `fl...', Array)
#3 /home/cameronc/streets.stag.city/vendor/illuminate/database/Connection.php(663): Illuminate\Database\Connection->runQueryCallback('insert into `fl...', Array, Object(Closure))
#4 /home/cameronc/streets.stag.city/vendor/illuminate/database/Connection.php(493): Illuminate\Database\Connection->run('insert into `fl...', Array, Object(Closure))
#5 /home/cameronc/streets.stag.city/vendor/illuminate/database/Connection.php(445): Illuminate\Database\Connection->statement('insert into `fl...', Array)
#6 /home/cameronc/streets.stag.city/vendor/illuminate/database/Query/Processors/Processor.php(32): Illuminate\Database\Connection->insert('insert into `fl...', Array)
#7 /home/cameronc/streets.stag.city/vendor/illuminate/database/Query/Builder.php(2965): Illuminate\Database\Query\Processors\Processor->processInsertGetId(Object(Illuminate\Database\Query\Builder), 'insert into `fl...', Array, 'id')
#8 /home/cameronc/streets.stag.city/vendor/illuminate/database/Eloquent/Builder.php(1641): Illuminate\Database\Query\Builder->insertGetId(Array, 'id')
#9 /home/cameronc/streets.stag.city/vendor/illuminate/database/Eloquent/Model.php(1180): Illuminate\Database\Eloquent\Builder->__call('insertGetId', Array)
#10 /home/cameronc/streets.stag.city/vendor/illuminate/database/Eloquent/Model.php(1145): Illuminate\Database\Eloquent\Model->insertAndSetId(Object(Illuminate\Database\Eloquent\Builder), Array)
#11 /home/cameronc/streets.stag.city/vendor/illuminate/database/Eloquent/Model.php(986): Illuminate\Database\Eloquent\Model->performInsert(Object(Illuminate\Database\Eloquent\Builder))
#12 /home/cameronc/streets.stag.city/vendor/flarum/core/src/User/Command/RegisterUserHandler.php(113): Illuminate\Database\Eloquent\Model->save()
#13 /home/cameronc/streets.stag.city/vendor/illuminate/bus/Dispatcher.php(122): Flarum\User\Command\RegisterUserHandler->handle(Object(Flarum\User\Command\RegisterUser))
#14 /home/cameronc/streets.stag.city/vendor/illuminate/pipeline/Pipeline.php(128): Illuminate\Bus\Dispatcher->Illuminate\Bus\{closure}(Object(Flarum\User\Command\RegisterUser))
#15 /home/cameronc/streets.stag.city/vendor/illuminate/pipeline/Pipeline.php(103): Illuminate\Pipeline\Pipeline->Illuminate\Pipeline\{closure}(Object(Flarum\User\Command\RegisterUser))
#16 /home/cameronc/streets.stag.city/vendor/illuminate/bus/Dispatcher.php(132): Illuminate\Pipeline\Pipeline->then(Object(Closure))
#17 /home/cameronc/streets.stag.city/vendor/illuminate/bus/Dispatcher.php(78): Illuminate\Bus\Dispatcher->dispatchNow(Object(Flarum\User\Command\RegisterUser))
#18 /home/cameronc/streets.stag.city/vendor/flarum/core/src/Api/Controller/CreateUserController.php(46): Illuminate\Bus\Dispatcher->dispatch(Object(Flarum\User\Command\RegisterUser))
#19 /home/cameronc/streets.stag.city/vendor/flarum/core/src/Api/Controller/AbstractSerializeController.php(110): Flarum\Api\Controller\CreateUserController->data(Object(Laminas\Diactoros\ServerRequest), Object(Tobscure\JsonApi\Document))
#20 /home/cameronc/streets.stag.city/vendor/flarum/core/src/Api/Controller/AbstractCreateController.php(22): Flarum\Api\Controller\AbstractSerializeController->handle(Object(Laminas\Diactoros\ServerRequest))
#21 /home/cameronc/streets.stag.city/vendor/flarum/core/src/Http/RouteHandlerFactory.php(41): Flarum\Api\Controller\AbstractCreateController->handle(Object(Laminas\Diactoros\ServerRequest))
#22 /home/cameronc/streets.stag.city/vendor/flarum/core/src/Http/Middleware/ExecuteRoute.php(27): Flarum\Http\RouteHandlerFactory->Flarum\Http\{closure}(Object(Laminas\Diactoros\ServerRequest), Array)
#23 /home/cameronc/streets.stag.city/vendor/laminas/laminas-stratigility/src/Next.php(51): Flarum\Http\Middleware\ExecuteRoute->process(Object(Laminas\Diactoros\ServerRequest), Object(Closure))
#24 /home/cameronc/streets.stag.city/vendor/flarum/core/src/Api/Middleware/ThrottleApi.php(33): Laminas\Stratigility\Next->handle(Object(Laminas\Diactoros\ServerRequest))
#25 /home/cameronc/streets.stag.city/vendor/laminas/laminas-stratigility/src/Next.php(51): Flarum\Api\Middleware\ThrottleApi->process(Object(Laminas\Diactoros\ServerRequest), Object(Laminas\Stratigility\Next))
#26 /home/cameronc/streets.stag.city/vendor/flarum/core/src/Http/Middleware/ResolveRoute.php(67): Laminas\Stratigility\Next->handle(Object(Laminas\Diactoros\ServerRequest))
#27 /home/cameronc/streets.stag.city/vendor/laminas/laminas-stratigility/src/Next.php(51): Flarum\Http\Middleware\ResolveRoute->process(Object(Laminas\Diactoros\ServerRequest), Object(Laminas\Stratigility\Next))
#28 /home/cameronc/streets.stag.city/vendor/flarum/core/src/Http/Middleware/SetLocale.php(51): Laminas\Stratigility\Next->handle(Object(Laminas\Diactoros\ServerRequest))
#29 /home/cameronc/streets.stag.city/vendor/laminas/laminas-stratigility/src/Next.php(51): Flarum\Http\Middleware\SetLocale->process(Object(Laminas\Diactoros\ServerRequest), Object(Laminas\Stratigility\Next))
#30 /home/cameronc/streets.stag.city/vendor/flarum/core/src/Http/Middleware/HandleErrors.php(57): Laminas\Stratigility\Next->handle(Object(Laminas\Diactoros\ServerRequest))
#31 /home/cameronc/streets.stag.city/vendor/laminas/laminas-stratigility/src/Next.php(51): Flarum\Http\Middleware\HandleErrors->process(Object(Laminas\Diactoros\ServerRequest), Object(Laminas\Stratigility\Next))
#32 /home/cameronc/streets.stag.city/vendor/laminas/laminas-stratigility/src/MiddlewarePipe.php(76): Laminas\Stratigility\Next->handle(Object(Laminas\Diactoros\ServerRequest))
#33 /home/cameronc/streets.stag.city/vendor/laminas/laminas-stratigility/src/MiddlewarePipe.php(65): Laminas\Stratigility\MiddlewarePipe->process(Object(Laminas\Diactoros\ServerRequest), Object(Laminas\Stratigility\EmptyPipelineHandler))
#34 /home/cameronc/streets.stag.city/vendor/flarum/core/src/Api/Client.php(144): Laminas\Stratigility\MiddlewarePipe->handle(Object(Laminas\Diactoros\ServerRequest))
#35 /home/cameronc/streets.stag.city/vendor/flarum/core/src/Api/Client.php(100): Flarum\Api\Client->send('POST', '/users')
#36 /home/cameronc/streets.stag.city/vendor/flarum/core/src/Forum/Controller/RegisterController.php(56): Flarum\Api\Client->post('/users')
#37 /home/cameronc/streets.stag.city/vendor/flarum/core/src/Http/RouteHandlerFactory.php(41): Flarum\Forum\Controller\RegisterController->handle(Object(Laminas\Diactoros\ServerRequest))
#38 /home/cameronc/streets.stag.city/vendor/flarum/core/src/Http/Middleware/ExecuteRoute.php(27): Flarum\Http\RouteHandlerFactory->Flarum\Http\{closure}(Object(Laminas\Diactoros\ServerRequest), Array)
#39 /home/cameronc/streets.stag.city/vendor/laminas/laminas-stratigility/src/Next.php(51): Flarum\Http\Middleware\ExecuteRoute->process(Object(Laminas\Diactoros\ServerRequest), Object(Closure))
#40 /home/cameronc/streets.stag.city/vendor/flarum/core/src/Http/Middleware/ContentTypeOptionsHeader.php(21): Laminas\Stratigility\Next->handle(Object(Laminas\Diactoros\ServerRequest))
#41 /home/cameronc/streets.stag.city/vendor/laminas/laminas-stratigility/src/Next.php(51): Flarum\Http\Middleware\ContentTypeOptionsHeader->process(Object(Laminas\Diactoros\ServerRequest), Object(Laminas\Stratigility\Next))
#42 /home/cameronc/streets.stag.city/vendor/flarum/core/src/Http/Middleware/ReferrerPolicyHeader.php(30): Laminas\Stratigility\Next->handle(Object(Laminas\Diactoros\ServerRequest))
#43 /home/cameronc/streets.stag.city/vendor/laminas/laminas-stratigility/src/Next.php(51): Flarum\Http\Middleware\ReferrerPolicyHeader->process(Object(Laminas\Diactoros\ServerRequest), Object(Laminas\Stratigility\Next))
#44 /home/cameronc/streets.stag.city/vendor/flarum/core/src/Http/Middleware/FlarumPromotionHeader.php(30): Laminas\Stratigility\Next->handle(Object(Laminas\Diactoros\ServerRequest))
#45 /home/cameronc/streets.stag.city/vendor/laminas/laminas-stratigility/src/Next.php(51): Flarum\Http\Middleware\FlarumPromotionHeader->process(Object(Laminas\Diactoros\ServerRequest), Object(Laminas\Stratigility\Next))
#46 /home/cameronc/streets.stag.city/vendor/flarum/core/src/Http/Middleware/ShareErrorsFromSession.php(57): Laminas\Stratigility\Next->handle(Object(Laminas\Diactoros\ServerRequest))
#47 /home/cameronc/streets.stag.city/vendor/laminas/laminas-stratigility/src/Next.php(51): Flarum\Http\Middleware\ShareErrorsFromSession->process(Object(Laminas\Diactoros\ServerRequest), Object(Laminas\Stratigility\Next))
#48 /home/cameronc/streets.stag.city/vendor/flarum/core/src/Http/Middleware/CheckCsrfToken.php(44): Laminas\Stratigility\Next->handle(Object(Laminas\Diactoros\ServerRequest))
#49 /home/cameronc/streets.stag.city/vendor/laminas/laminas-stratigility/src/Next.php(51): Flarum\Http\Middleware\CheckCsrfToken->process(Object(Laminas\Diactoros\ServerRequest), Object(Laminas\Stratigility\Next))
#50 /home/cameronc/streets.stag.city/vendor/flarum/core/src/Http/Middleware/ResolveRoute.php(67): Laminas\Stratigility\Next->handle(Object(Laminas\Diactoros\ServerRequest))
#51 /home/cameronc/streets.stag.city/vendor/laminas/laminas-stratigility/src/Next.php(51): Flarum\Http\Middleware\ResolveRoute->process(Object(Laminas\Diactoros\ServerRequest), Object(Laminas\Stratigility\Next))
#52 /home/cameronc/streets.stag.city/vendor/flarum/core/src/Http/Middleware/SetLocale.php(51): Laminas\Stratigility\Next->handle(Object(Laminas\Diactoros\ServerRequest))
#53 /home/cameronc/streets.stag.city/vendor/laminas/laminas-stratigility/src/Next.php(51): Flarum\Http\Middleware\SetLocale->process(Object(Laminas\Diactoros\ServerRequest), Object(Laminas\Stratigility\Next))
#54 /home/cameronc/streets.stag.city/vendor/flarum/core/src/Http/Middleware/AuthenticateWithSession.php(31): Laminas\Stratigility\Next->handle(Object(Laminas\Diactoros\ServerRequest))
#55 /home/cameronc/streets.stag.city/vendor/laminas/laminas-stratigility/src/Next.php(51): Flarum\Http\Middleware\AuthenticateWithSession->process(Object(Laminas\Diactoros\ServerRequest), Object(Laminas\Stratigility\Next))
#56 /home/cameronc/streets.stag.city/vendor/flarum/core/src/Http/Middleware/RememberFromCookie.php(52): Laminas\Stratigility\Next->handle(Object(Laminas\Diactoros\ServerRequest))
#57 /home/cameronc/streets.stag.city/vendor/laminas/laminas-stratigility/src/Next.php(51): Flarum\Http\Middleware\RememberFromCookie->process(Object(Laminas\Diactoros\ServerRequest), Object(Laminas\Stratigility\Next))
#58 /home/cameronc/streets.stag.city/vendor/flarum/core/src/Http/Middleware/StartSession.php(61): Laminas\Stratigility\Next->handle(Object(Laminas\Diactoros\ServerRequest))
#59 /home/cameronc/streets.stag.city/vendor/laminas/laminas-stratigility/src/Next.php(51): Flarum\Http\Middleware\StartSession->process(Object(Laminas\Diactoros\ServerRequest), Object(Laminas\Stratigility\Next))
#60 /home/cameronc/streets.stag.city/vendor/flarum/core/src/Http/Middleware/CollectGarbage.php(46): Laminas\Stratigility\Next->handle(Object(Laminas\Diactoros\ServerRequest))
#61 /home/cameronc/streets.stag.city/vendor/laminas/laminas-stratigility/src/Next.php(51): Flarum\Http\Middleware\CollectGarbage->process(Object(Laminas\Diactoros\ServerRequest), Object(Laminas\Stratigility\Next))
#62 /home/cameronc/streets.stag.city/vendor/flarum/core/src/Http/Middleware/ParseJsonBody.php(28): Laminas\Stratigility\Next->handle(Object(Laminas\Diactoros\ServerRequest))
#63 /home/cameronc/streets.stag.city/vendor/laminas/laminas-stratigility/src/Next.php(51): Flarum\Http\Middleware\ParseJsonBody->process(Object(Laminas\Diactoros\ServerRequest), Object(Laminas\Stratigility\Next))
#64 /home/cameronc/streets.stag.city/vendor/flarum/core/src/Http/Middleware/HandleErrors.php(57): Laminas\Stratigility\Next->handle(Object(Laminas\Diactoros\ServerRequest))
#65 /home/cameronc/streets.stag.city/vendor/laminas/laminas-stratigility/src/Next.php(51): Flarum\Http\Middleware\HandleErrors->process(Object(Laminas\Diactoros\ServerRequest), Object(Laminas\Stratigility\Next))
#66 /home/cameronc/streets.stag.city/vendor/flarum/core/src/Http/Middleware/InjectActorReference.php(25): Laminas\Stratigility\Next->handle(Object(Laminas\Diactoros\ServerRequest))
#67 /home/cameronc/streets.stag.city/vendor/laminas/laminas-stratigility/src/Next.php(51): Flarum\Http\Middleware\InjectActorReference->process(Object(Laminas\Diactoros\ServerRequest), Object(Laminas\Stratigility\Next))
#68 /home/cameronc/streets.stag.city/vendor/laminas/laminas-stratigility/src/MiddlewarePipe.php(76): Laminas\Stratigility\Next->handle(Object(Laminas\Diactoros\ServerRequest))
#69 /home/cameronc/streets.stag.city/vendor/middlewares/request-handler/src/RequestHandler.php(84): Laminas\Stratigility\MiddlewarePipe->process(Object(Laminas\Diactoros\ServerRequest), Object(Laminas\Stratigility\Next))
#70 /home/cameronc/streets.stag.city/vendor/laminas/laminas-stratigility/src/Next.php(51): Middlewares\RequestHandler->process(Object(Laminas\Diactoros\ServerRequest), Object(Laminas\Stratigility\Next))
#71 /home/cameronc/streets.stag.city/vendor/middlewares/base-path-router/src/BasePathRouter.php(101): Laminas\Stratigility\Next->handle(Object(Laminas\Diactoros\ServerRequest))
#72 /home/cameronc/streets.stag.city/vendor/laminas/laminas-stratigility/src/Next.php(51): Middlewares\BasePathRouter->process(Object(Laminas\Diactoros\ServerRequest), Object(Laminas\Stratigility\Next))
#73 /home/cameronc/streets.stag.city/vendor/laminas/laminas-stratigility/src/Middleware/OriginalMessages.php(36): Laminas\Stratigility\Next->handle(Object(Laminas\Diactoros\ServerRequest))
#74 /home/cameronc/streets.stag.city/vendor/laminas/laminas-stratigility/src/Next.php(51): Laminas\Stratigility\Middleware\OriginalMessages->process(Object(Laminas\Diactoros\ServerRequest), Object(Laminas\Stratigility\Next))
#75 /home/cameronc/streets.stag.city/vendor/middlewares/base-path/src/BasePath.php(73): Laminas\Stratigility\Next->handle(Object(Laminas\Diactoros\ServerRequest))
#76 /home/cameronc/streets.stag.city/vendor/laminas/laminas-stratigility/src/Next.php(51): Middlewares\BasePath->process(Object(Laminas\Diactoros\ServerRequest), Object(Laminas\Stratigility\Next))
#77 /home/cameronc/streets.stag.city/vendor/flarum/core/src/Http/Middleware/ProcessIp.php(24): Laminas\Stratigility\Next->handle(Object(Laminas\Diactoros\ServerRequest))
#78 /home/cameronc/streets.stag.city/vendor/laminas/laminas-stratigility/src/Next.php(51): Flarum\Http\Middleware\ProcessIp->process(Object(Laminas\Diactoros\ServerRequest), Object(Laminas\Stratigility\Next))
#79 /home/cameronc/streets.stag.city/vendor/laminas/laminas-stratigility/src/MiddlewarePipe.php(76): Laminas\Stratigility\Next->handle(Object(Laminas\Diactoros\ServerRequest))
#80 /home/cameronc/streets.stag.city/vendor/laminas/laminas-stratigility/src/MiddlewarePipe.php(65): Laminas\Stratigility\MiddlewarePipe->process(Object(Laminas\Diactoros\ServerRequest), Object(Laminas\Stratigility\EmptyPipelineHandler))
#81 /home/cameronc/streets.stag.city/vendor/laminas/laminas-httphandlerrunner/src/RequestHandlerRunner.php(96): Laminas\Stratigility\MiddlewarePipe->handle(Object(Laminas\Diactoros\ServerRequest))
#82 /home/cameronc/streets.stag.city/vendor/flarum/core/src/Http/Server.php(44): Laminas\HttpHandlerRunner\RequestHandlerRunner->run()
#83 /home/cameronc/streets.stag.city/public/index.php(26): Flarum\Http\Server->listen()
#84 {main}

Next Illuminate\Database\QueryException: SQLSTATE[23000]: Integrity constraint violation: 1062 Duplicate entry 'Big-E' for key 'flvi_users_username_unique' (SQL: insert into `flvi_users` (`username`, `email`, `password`, `joined_at`) values (Big-E, cryptoshhitposts@gmail.com, $2y$10$XzKJnTp7vmpTT7Ybv3esEuGWtmkHn6SXhaIpTapDPU3oFXR72wJGS, 2021-12-12 22:05:51)) in /home/cameronc/streets.stag.city/vendor/illuminate/database/Connection.php:703
Stack trace:
#0 /home/cameronc/streets.stag.city/vendor/illuminate/database/Connection.php(663): Illuminate\Database\Connection->runQueryCallback('insert into `fl...', Array, Object(Closure))
#1 /home/cameronc/streets.stag.city/vendor/illuminate/database/Connection.php(493): Illuminate\Database\Connection->run('insert into `fl...', Array, Object(Closure))
#2 /home/cameronc/streets.stag.city/vendor/illuminate/database/Connection.php(445): Illuminate\Database\Connection->statement('insert into `fl...', Array)
#3 /home/cameronc/streets.stag.city/vendor/illuminate/database/Query/Processors/Processor.php(32): Illuminate\Database\Connection->insert('insert into `fl...', Array)
#4 /home/cameronc/streets.stag.city/vendor/illuminate/database/Query/Builder.php(2965): Illuminate\Database\Query\Processors\Processor->processInsertGetId(Object(Illuminate\Database\Query\Builder), 'insert into `fl...', Array, 'id')
#5 /home/cameronc/streets.stag.city/vendor/illuminate/database/Eloquent/Builder.php(1641): Illuminate\Database\Query\Builder->insertGetId(Array, 'id')
#6 /home/cameronc/streets.stag.city/vendor/illuminate/database/Eloquent/Model.php(1180): Illuminate\Database\Eloquent\Builder->__call('insertGetId', Array)
#7 /home/cameronc/streets.stag.city/vendor/illuminate/database/Eloquent/Model.php(1145): Illuminate\Database\Eloquent\Model->insertAndSetId(Object(Illuminate\Database\Eloquent\Builder), Array)
#8 /home/cameronc/streets.stag.city/vendor/illuminate/database/Eloquent/Model.php(986): Illuminate\Database\Eloquent\Model->performInsert(Object(Illuminate\Database\Eloquent\Builder))
#9 /home/cameronc/streets.stag.city/vendor/flarum/core/src/User/Command/RegisterUserHandler.php(113): Illuminate\Database\Eloquent\Model->save()
#10 /home/cameronc/streets.stag.city/vendor/illuminate/bus/Dispatcher.php(122): Flarum\User\Command\RegisterUserHandler->handle(Object(Flarum\User\Command\RegisterUser))
#11 /home/cameronc/streets.stag.city/vendor/illuminate/pipeline/Pipeline.php(128): Illuminate\Bus\Dispatcher->Illuminate\Bus\{closure}(Object(Flarum\User\Command\RegisterUser))
#12 /home/cameronc/streets.stag.city/vendor/illuminate/pipeline/Pipeline.php(103): Illuminate\Pipeline\Pipeline->Illuminate\Pipeline\{closure}(Object(Flarum\User\Command\RegisterUser))
#13 /home/cameronc/streets.stag.city/vendor/illuminate/bus/Dispatcher.php(132): Illuminate\Pipeline\Pipeline->then(Object(Closure))
#14 /home/cameronc/streets.stag.city/vendor/illuminate/bus/Dispatcher.php(78): Illuminate\Bus\Dispatcher->dispatchNow(Object(Flarum\User\Command\RegisterUser))
#15 /home/cameronc/streets.stag.city/vendor/flarum/core/src/Api/Controller/CreateUserController.php(46): Illuminate\Bus\Dispatcher->dispatch(Object(Flarum\User\Command\RegisterUser))
#16 /home/cameronc/streets.stag.city/vendor/flarum/core/src/Api/Controller/AbstractSerializeController.php(110): Flarum\Api\Controller\CreateUserController->data(Object(Laminas\Diactoros\ServerRequest), Object(Tobscure\JsonApi\Document))
#17 /home/cameronc/streets.stag.city/vendor/flarum/core/src/Api/Controller/AbstractCreateController.php(22): Flarum\Api\Controller\AbstractSerializeController->handle(Object(Laminas\Diactoros\ServerRequest))
#18 /home/cameronc/streets.stag.city/vendor/flarum/core/src/Http/RouteHandlerFactory.php(41): Flarum\Api\Controller\AbstractCreateController->handle(Object(Laminas\Diactoros\ServerRequest))
#19 /home/cameronc/streets.stag.city/vendor/flarum/core/src/Http/Middleware/ExecuteRoute.php(27): Flarum\Http\RouteHandlerFactory->Flarum\Http\{closure}(Object(Laminas\Diactoros\ServerRequest), Array)
#20 /home/cameronc/streets.stag.city/vendor/laminas/laminas-stratigility/src/Next.php(51): Flarum\Http\Middleware\ExecuteRoute->process(Object(Laminas\Diactoros\ServerRequest), Object(Closure))
#21 /home/cameronc/streets.stag.city/vendor/flarum/core/src/Api/Middleware/ThrottleApi.php(33): Laminas\Stratigility\Next->handle(Object(Laminas\Diactoros\ServerRequest))
#22 /home/cameronc/streets.stag.city/vendor/laminas/laminas-stratigility/src/Next.php(51): Flarum\Api\Middleware\ThrottleApi->process(Object(Laminas\Diactoros\ServerRequest), Object(Laminas\Stratigility\Next))
#23 /home/cameronc/streets.stag.city/vendor/flarum/core/src/Http/Middleware/ResolveRoute.php(67): Laminas\Stratigility\Next->handle(Object(Laminas\Diactoros\ServerRequest))
#24 /home/cameronc/streets.stag.city/vendor/laminas/laminas-stratigility/src/Next.php(51): Flarum\Http\Middleware\ResolveRoute->process(Object(Laminas\Diactoros\ServerRequest), Object(Laminas\Stratigility\Next))
#25 /home/cameronc/streets.stag.city/vendor/flarum/core/src/Http/Middleware/SetLocale.php(51): Laminas\Stratigility\Next->handle(Object(Laminas\Diactoros\ServerRequest))
#26 /home/cameronc/streets.stag.city/vendor/laminas/laminas-stratigility/src/Next.php(51): Flarum\Http\Middleware\SetLocale->process(Object(Laminas\Diactoros\ServerRequest), Object(Laminas\Stratigility\Next))
#27 /home/cameronc/streets.stag.city/vendor/flarum/core/src/Http/Middleware/HandleErrors.php(57): Laminas\Stratigility\Next->handle(Object(Laminas\Diactoros\ServerRequest))
#28 /home/cameronc/streets.stag.city/vendor/laminas/laminas-stratigility/src/Next.php(51): Flarum\Http\Middleware\HandleErrors->process(Object(Laminas\Diactoros\ServerRequest), Object(Laminas\Stratigility\Next))
#29 /home/cameronc/streets.stag.city/vendor/laminas/laminas-stratigility/src/MiddlewarePipe.php(76): Laminas\Stratigility\Next->handle(Object(Laminas\Diactoros\ServerRequest))
#30 /home/cameronc/streets.stag.city/vendor/laminas/laminas-stratigility/src/MiddlewarePipe.php(65): Laminas\Stratigility\MiddlewarePipe->process(Object(Laminas\Diactoros\ServerRequest), Object(Laminas\Stratigility\EmptyPipelineHandler))
#31 /home/cameronc/streets.stag.city/vendor/flarum/core/src/Api/Client.php(144): Laminas\Stratigility\MiddlewarePipe->handle(Object(Laminas\Diactoros\ServerRequest))
#32 /home/cameronc/streets.stag.city/vendor/flarum/core/src/Api/Client.php(100): Flarum\Api\Client->send('POST', '/users')
#33 /home/cameronc/streets.stag.city/vendor/flarum/core/src/Forum/Controller/RegisterController.php(56): Flarum\Api\Client->post('/users')
#34 /home/cameronc/streets.stag.city/vendor/flarum/core/src/Http/RouteHandlerFactory.php(41): Flarum\Forum\Controller\RegisterController->handle(Object(Laminas\Diactoros\ServerRequest))
#35 /home/cameronc/streets.stag.city/vendor/flarum/core/src/Http/Middleware/ExecuteRoute.php(27): Flarum\Http\RouteHandlerFactory->Flarum\Http\{closure}(Object(Laminas\Diactoros\ServerRequest), Array)
#36 /home/cameronc/streets.stag.city/vendor/laminas/laminas-stratigility/src/Next.php(51): Flarum\Http\Middleware\ExecuteRoute->process(Object(Laminas\Diactoros\ServerRequest), Object(Closure))
#37 /home/cameronc/streets.stag.city/vendor/flarum/core/src/Http/Middleware/ContentTypeOptionsHeader.php(21): Laminas\Stratigility\Next->handle(Object(Laminas\Diactoros\ServerRequest))
#38 /home/cameronc/streets.stag.city/vendor/laminas/laminas-stratigility/src/Next.php(51): Flarum\Http\Middleware\ContentTypeOptionsHeader->process(Object(Laminas\Diactoros\ServerRequest), Object(Laminas\Stratigility\Next))
#39 /home/cameronc/streets.stag.city/vendor/flarum/core/src/Http/Middleware/ReferrerPolicyHeader.php(30): Laminas\Stratigility\Next->handle(Object(Laminas\Diactoros\ServerRequest))
#40 /home/cameronc/streets.stag.city/vendor/laminas/laminas-stratigility/src/Next.php(51): Flarum\Http\Middleware\ReferrerPolicyHeader->process(Object(Laminas\Diactoros\ServerRequest), Object(Laminas\Stratigility\Next))
#41 /home/cameronc/streets.stag.city/vendor/flarum/core/src/Http/Middleware/FlarumPromotionHeader.php(30): Laminas\Stratigility\Next->handle(Object(Laminas\Diactoros\ServerRequest))
#42 /home/cameronc/streets.stag.city/vendor/laminas/laminas-stratigility/src/Next.php(51): Flarum\Http\Middleware\FlarumPromotionHeader->process(Object(Laminas\Diactoros\ServerRequest), Object(Laminas\Stratigility\Next))
#43 /home/cameronc/streets.stag.city/vendor/flarum/core/src/Http/Middleware/ShareErrorsFromSession.php(57): Laminas\Stratigility\Next->handle(Object(Laminas\Diactoros\ServerRequest))
#44 /home/cameronc/streets.stag.city/vendor/laminas/laminas-stratigility/src/Next.php(51): Flarum\Http\Middleware\ShareErrorsFromSession->process(Object(Laminas\Diactoros\ServerRequest), Object(Laminas\Stratigility\Next))
#45 /home/cameronc/streets.stag.city/vendor/flarum/core/src/Http/Middleware/CheckCsrfToken.php(44): Laminas\Stratigility\Next->handle(Object(Laminas\Diactoros\ServerRequest))
#46 /home/cameronc/streets.stag.city/vendor/laminas/laminas-stratigility/src/Next.php(51): Flarum\Http\Middleware\CheckCsrfToken->process(Object(Laminas\Diactoros\ServerRequest), Object(Laminas\Stratigility\Next))
#47 /home/cameronc/streets.stag.city/vendor/flarum/core/src/Http/Middleware/ResolveRoute.php(67): Laminas\Stratigility\Next->handle(Object(Laminas\Diactoros\ServerRequest))
#48 /home/cameronc/streets.stag.city/vendor/laminas/laminas-stratigility/src/Next.php(51): Flarum\Http\Middleware\ResolveRoute->process(Object(Laminas\Diactoros\ServerRequest), Object(Laminas\Stratigility\Next))
#49 /home/cameronc/streets.stag.city/vendor/flarum/core/src/Http/Middleware/SetLocale.php(51): Laminas\Stratigility\Next->handle(Object(Laminas\Diactoros\ServerRequest))
#50 /home/cameronc/streets.stag.city/vendor/laminas/laminas-stratigility/src/Next.php(51): Flarum\Http\Middleware\SetLocale->process(Object(Laminas\Diactoros\ServerRequest), Object(Laminas\Stratigility\Next))
#51 /home/cameronc/streets.stag.city/vendor/flarum/core/src/Http/Middleware/AuthenticateWithSession.php(31): Laminas\Stratigility\Next->handle(Object(Laminas\Diactoros\ServerRequest))
#52 /home/cameronc/streets.stag.city/vendor/laminas/laminas-stratigility/src/Next.php(51): Flarum\Http\Middleware\AuthenticateWithSession->process(Object(Laminas\Diactoros\ServerRequest), Object(Laminas\Stratigility\Next))
#53 /home/cameronc/streets.stag.city/vendor/flarum/core/src/Http/Middleware/RememberFromCookie.php(52): Laminas\Stratigility\Next->handle(Object(Laminas\Diactoros\ServerRequest))
#54 /home/cameronc/streets.stag.city/vendor/laminas/laminas-stratigility/src/Next.php(51): Flarum\Http\Middleware\RememberFromCookie->process(Object(Laminas\Diactoros\ServerRequest), Object(Laminas\Stratigility\Next))
#55 /home/cameronc/streets.stag.city/vendor/flarum/core/src/Http/Middleware/StartSession.php(61): Laminas\Stratigility\Next->handle(Object(Laminas\Diactoros\ServerRequest))
#56 /home/cameronc/streets.stag.city/vendor/laminas/laminas-stratigility/src/Next.php(51): Flarum\Http\Middleware\StartSession->process(Object(Laminas\Diactoros\ServerRequest), Object(Laminas\Stratigility\Next))
#57 /home/cameronc/streets.stag.city/vendor/flarum/core/src/Http/Middleware/CollectGarbage.php(46): Laminas\Stratigility\Next->handle(Object(Laminas\Diactoros\ServerRequest))
#58 /home/cameronc/streets.stag.city/vendor/laminas/laminas-stratigility/src/Next.php(51): Flarum\Http\Middleware\CollectGarbage->process(Object(Laminas\Diactoros\ServerRequest), Object(Laminas\Stratigility\Next))
#59 /home/cameronc/streets.stag.city/vendor/flarum/core/src/Http/Middleware/ParseJsonBody.php(28): Laminas\Stratigility\Next->handle(Object(Laminas\Diactoros\ServerRequest))
#60 /home/cameronc/streets.stag.city/vendor/laminas/laminas-stratigility/src/Next.php(51): Flarum\Http\Middleware\ParseJsonBody->process(Object(Laminas\Diactoros\ServerRequest), Object(Laminas\Stratigility\Next))
#61 /home/cameronc/streets.stag.city/vendor/flarum/core/src/Http/Middleware/HandleErrors.php(57): Laminas\Stratigility\Next->handle(Object(Laminas\Diactoros\ServerRequest))
#62 /home/cameronc/streets.stag.city/vendor/laminas/laminas-stratigility/src/Next.php(51): Flarum\Http\Middleware\HandleErrors->process(Object(Laminas\Diactoros\ServerRequest), Object(Laminas\Stratigility\Next))
#63 /home/cameronc/streets.stag.city/vendor/flarum/core/src/Http/Middleware/InjectActorReference.php(25): Laminas\Stratigility\Next->handle(Object(Laminas\Diactoros\ServerRequest))
#64 /home/cameronc/streets.stag.city/vendor/laminas/laminas-stratigility/src/Next.php(51): Flarum\Http\Middleware\InjectActorReference->process(Object(Laminas\Diactoros\ServerRequest), Object(Laminas\Stratigility\Next))
#65 /home/cameronc/streets.stag.city/vendor/laminas/laminas-stratigility/src/MiddlewarePipe.php(76): Laminas\Stratigility\Next->handle(Object(Laminas\Diactoros\ServerRequest))
#66 /home/cameronc/streets.stag.city/vendor/middlewares/request-handler/src/RequestHandler.php(84): Laminas\Stratigility\MiddlewarePipe->process(Object(Laminas\Diactoros\ServerRequest), Object(Laminas\Stratigility\Next))
#67 /home/cameronc/streets.stag.city/vendor/laminas/laminas-stratigility/src/Next.php(51): Middlewares\RequestHandler->process(Object(Laminas\Diactoros\ServerRequest), Object(Laminas\Stratigility\Next))
#68 /home/cameronc/streets.stag.city/vendor/middlewares/base-path-router/src/BasePathRouter.php(101): Laminas\Stratigility\Next->handle(Object(Laminas\Diactoros\ServerRequest))
#69 /home/cameronc/streets.stag.city/vendor/laminas/laminas-stratigility/src/Next.php(51): Middlewares\BasePathRouter->process(Object(Laminas\Diactoros\ServerRequest), Object(Laminas\Stratigility\Next))
#70 /home/cameronc/streets.stag.city/vendor/laminas/laminas-stratigility/src/Middleware/OriginalMessages.php(36): Laminas\Stratigility\Next->handle(Object(Laminas\Diactoros\ServerRequest))
#71 /home/cameronc/streets.stag.city/vendor/laminas/laminas-stratigility/src/Next.php(51): Laminas\Stratigility\Middleware\OriginalMessages->process(Object(Laminas\Diactoros\ServerRequest), Object(Laminas\Stratigility\Next))
#72 /home/cameronc/streets.stag.city/vendor/middlewares/base-path/src/BasePath.php(73): Laminas\Stratigility\Next->handle(Object(Laminas\Diactoros\ServerRequest))
#73 /home/cameronc/streets.stag.city/vendor/laminas/laminas-stratigility/src/Next.php(51): Middlewares\BasePath->process(Object(Laminas\Diactoros\ServerRequest), Object(Laminas\Stratigility\Next))
#74 /home/cameronc/streets.stag.city/vendor/flarum/core/src/Http/Middleware/ProcessIp.php(24): Laminas\Stratigility\Next->handle(Object(Laminas\Diactoros\ServerRequest))
#75 /home/cameronc/streets.stag.city/vendor/laminas/laminas-stratigility/src/Next.php(51): Flarum\Http\Middleware\ProcessIp->process(Object(Laminas\Diactoros\ServerRequest), Object(Laminas\Stratigility\Next))
#76 /home/cameronc/streets.stag.city/vendor/laminas/laminas-stratigility/src/MiddlewarePipe.php(76): Laminas\Stratigility\Next->handle(Object(Laminas\Diactoros\ServerRequest))
#77 /home/cameronc/streets.stag.city/vendor/laminas/laminas-stratigility/src/MiddlewarePipe.php(65): Laminas\Stratigility\MiddlewarePipe->process(Object(Laminas\Diactoros\ServerRequest), Object(Laminas\Stratigility\EmptyPipelineHandler))
#78 /home/cameronc/streets.stag.city/vendor/laminas/laminas-httphandlerrunner/src/RequestHandlerRunner.php(96): Laminas\Stratigility\MiddlewarePipe->handle(Object(Laminas\Diactoros\ServerRequest))
#79 /home/cameronc/streets.stag.city/vendor/flarum/core/src/Http/Server.php(44): Laminas\HttpHandlerRunner\RequestHandlerRunner->run()
#80 /home/cameronc/streets.stag.city/public/index.php(26): Flarum\Http\Server->listen()
#81 {main}  
